2023-07-08 17:04:33,220 - app - ERROR - /login   用户名不存在
2023-07-08 17:04:33,225 - app - ERROR - /login   密码错误
2023-07-08 17:04:33,230 - app - ERROR - /login   验证码错误
2023-07-08 17:04:33,244 - app - ERROR - /register   用户名已存在
2023-07-08 17:04:33,248 - app - ERROR - /temp/login   token无权限
2023-07-08 17:04:33,251 - app - ERROR - /temp/login   token已过期
2023-07-08 17:04:34,531 - app - ERROR - /email   邮箱格式有误
2023-07-08 17:04:34,550 - app - ERROR - /information/updating   未输入邮箱验证码
2023-07-08 17:04:34,559 - app - ERROR - /information/updating   邮箱地址或验证码有误
2023-07-08 17:04:34,741 - app - ERROR - /reporting   您已举报过该用户
2023-07-08 17:04:34,764 - app - ERROR - /report/view/verifying   操作无权限
2023-07-08 17:04:34,791 - app - ERROR - /report/verifying   操作无权限
2023-07-08 17:04:34,794 - app - ERROR - /   this is an error
2023-07-08 17:04:34,849 - app - ERROR - /neworder   请补充完整商品信息
2023-07-08 17:04:34,856 - app - ERROR - /neworder   价格应为数字
2023-07-08 17:04:34,878 - app - ERROR - /order/updating   用户无权限
2023-07-08 17:04:34,887 - app - ERROR - /order/updating   价格应为数字
2023-07-08 17:04:34,893 - app - ERROR - /order/view   success
2023-07-08 17:04:34,930 - app - ERROR - /order/verifying   操作无权限
2023-07-08 17:04:34,947 - app - ERROR - /order/information   参数错误
2023-07-08 17:04:34,965 - app - ERROR - /order/bidding   价格应为数字
2023-07-08 17:04:34,972 - app - ERROR - /order/bidding   请填写出价
2023-07-08 17:04:34,981 - app - ERROR - /order/bidding   不能给自己的商品出价哦
2023-07-08 17:04:35,035 - app - ERROR - /order/paying   账户余额不足
2023-07-08 17:04:35,042 - app - ERROR - /order/paying   不能购买自己的商品哦
2023-07-08 17:04:35,077 - app - ERROR - /order/confirming   用户无权限
2023-07-08 17:04:35,122 - app - ERROR - /order/delivering   用户无权限
2023-07-08 17:04:35,160 - app - ERROR - /order/canceling   用户无权限
2023-07-08 17:04:35,185 - app - ERROR - /order/collecting   您已收藏过此商品了
2023-07-08 17:24:36,027 - app - ERROR - /login   用户名不存在
2023-07-08 17:24:36,032 - app - ERROR - /login   密码错误
2023-07-08 17:24:36,037 - app - ERROR - /login   验证码错误
2023-07-08 17:24:36,050 - app - ERROR - /register   用户名已存在
2023-07-08 17:24:36,054 - app - ERROR - /temp/login   token无权限
2023-07-08 17:24:36,057 - app - ERROR - /temp/login   token已过期
2023-07-08 17:24:38,097 - app - ERROR - /email   邮箱格式有误
2023-07-08 17:24:38,117 - app - ERROR - /information/updating   未输入邮箱验证码
2023-07-08 17:24:38,124 - app - ERROR - /information/updating   邮箱地址或验证码有误
2023-07-08 17:24:38,306 - app - ERROR - /reporting   您已举报过该用户
2023-07-08 17:24:38,330 - app - ERROR - /report/view/verifying   操作无权限
2023-07-08 17:24:38,357 - app - ERROR - /report/verifying   操作无权限
2023-07-08 17:24:38,361 - app - ERROR - /   this is an error
2023-07-08 17:24:38,415 - app - ERROR - /neworder   请补充完整商品信息
2023-07-08 17:24:38,422 - app - ERROR - /neworder   价格应为数字
2023-07-08 17:24:38,443 - app - ERROR - /order/updating   用户无权限
2023-07-08 17:24:38,451 - app - ERROR - /order/updating   价格应为数字
2023-07-08 17:24:38,457 - app - ERROR - /order/view   success
2023-07-08 17:24:38,494 - app - ERROR - /order/verifying   操作无权限
2023-07-08 17:24:38,512 - app - ERROR - /order/information   参数错误
2023-07-08 17:24:38,532 - app - ERROR - /order/bidding   价格应为数字
2023-07-08 17:24:38,541 - app - ERROR - /order/bidding   请填写出价
2023-07-08 17:24:38,549 - app - ERROR - /order/bidding   不能给自己的商品出价哦
2023-07-08 17:24:38,600 - app - ERROR - /order/paying   账户余额不足
2023-07-08 17:24:38,607 - app - ERROR - /order/paying   不能购买自己的商品哦
2023-07-08 17:24:38,643 - app - ERROR - /order/confirming   用户无权限
2023-07-08 17:24:38,689 - app - ERROR - /order/delivering   用户无权限
2023-07-08 17:24:38,726 - app - ERROR - /order/canceling   用户无权限
2023-07-08 17:24:38,751 - app - ERROR - /order/collecting   您已收藏过此商品了
